Arguments: 
  E:\PATH\nodejs\node.exe C:\Users\mengx\AppData\Roaming\npm\node_modules\yarn\bin\yarn.js init

PATH: 
  E:\Program Files\PowerShell\7;E:\Program Files (x86)\VMware\VMware Workstation\bin\;E:\PATH\nanomq\bin;C:\Program Files (x86)\Common Files\Intel\Shared Libraries\redist\intel64\compiler;C:\Program Files (x86)\Common Files\Oracle\Java\javapath;E:\PATH\Python39\Scripts\;E:\PATH\Python39\;C:\Windows\system32;C:\Windows;C:\Windows\System32\Wbem;C:\Windows\System32\WindowsPowerShell\v1.0\;C:\Windows\System32\OpenSSH\;E:\Program Files\TortoiseGit\bin;E:\PATH\Redis\;E:\PATH\Java\jdk1.8.0_191\bin;E:\PATH\Java\jdk1.8.0_191\jre\bin;E:\PATH\cmder;E:\PATH\Cygwin\bin;E:\PATH\mysql-8.0.25-winx64\bin;E:\PATH\Git\bin;C:\Program Files\dotnet\;C:\Program Files\Microsoft SQL Server\130\Tools\Binn\;E:\Qt\Qt5.13.1\Tools\mingw730_64\lib;E:\Qt\Qt5.13.1\Tools\mingw730_64\bin;E:\Qt\Qt5.13.1\5.13.1\mingw73_64\bin;E:\Qt\Qt5.13.1\5.13.1\mingw73_64\lib;C:\Strawberry\c\bin;C:\Strawberry\perl\site\bin;C:\Strawberry\perl\bin;C:\Program Files (x86)\NVIDIA Corporation\PhysX\Common;C:\ProgramData\chocolatey\bin;E:\PATH\apache-maven-3.8.1\bin;C:\WINDOWS\system32;C:\WINDOWS;C:\WINDOWS\System32\Wbem;C:\WINDOWS\System32\WindowsPowerShell\v1.0\;C:\WINDOWS\System32\OpenSSH\;E:\PATH\nodejs\;E:\PATH\Maven\apache-maven-3.6.3\bin;E:\PATH\Go\bin;C:\Program Files\Microsoft SQL Server\150\Tools\Binn\;C:\Program Files\Microsoft SQL Server\Client SDK\ODBC\170\Tools\Binn\;C:\WINDOWS\system32;C:\WINDOWS;C:\WINDOWS\System32\Wbem;C:\WINDOWS\System32\WindowsPowerShell\v1.0\;C:\WINDOWS\System32\OpenSSH\;C:\Program Files (x86)\ZeroTier\One\;C:\Program Files\NVIDIA Corporation\NVIDIA NvDLISR;E:\HashiCorp\Vagrant\bin;C:\Program Files\Docker\Docker\resources\bin;E:\Program Files\PowerShell\7\;C:\Users\mengx\AppData\Local\pnpm;C:\Users\mengx\.cargo\bin;C:\Users\mengx\.windows-build-tools\python27\;C:\Users\mengx\AppData\Local\Microsoft\WindowsApps;E:\Program Files\Microsoft VS Code\bin;C:\Users\mengx\go\bin;C:\Users\mengx\.dotnet\tools;E:\PATH\7-Zip;E:\PATH\flutter\bin;D:\SumatraPDF;C:\Users\mengx\AppData\Local\Microsoft\WindowsApps;C:\Users\mengx\AppData\Roaming\npm;C:\Users\mengx\AppData\Local\Android\Sdk\tools;C:\Users\mengx\AppData\Local\Android\Sdk\platform-tools;C:\Users\mengx\go\bin;E:\PATH\jacoco\lib;C:\Users\mengx\.dotnet\tools;E:\Program Files\JetBrains\JetBrains Rider 2022.3.1\bin;E:\Program Files\JetBrains\IntelliJ IDEA 2022.3.1\bin;C:\Users\mengx\AppData\Local\Programs\oh-my-posh\bin;C:\Users\mengx\AppData\Local\Programs\Neovim\bin;E:\PATH\K8s

Yarn version: 
  1.22.19

Node version: 
  16.14.2

Platform: 
  win32 x64

Trace: 
  Error: canceled
      at Interface.<anonymous> (C:\Users\mengx\AppData\Roaming\npm\node_modules\yarn\lib\cli.js:137150:13)
      at Interface.emit (node:events:526:28)
      at Interface._ttyWrite (node:readline:1081:16)
      at ReadStream.onkeypress (node:readline:288:10)
      at ReadStream.emit (node:events:526:28)
      at emitKeys (node:internal/readline/utils:358:14)
      at emitKeys.next (<anonymous>)
      at ReadStream.onData (node:internal/readline/emitKeypressEvents:61:36)
      at ReadStream.emit (node:events:526:28)
      at addChunk (node:internal/streams/readable:315:12)

npm manifest: 
  No manifest

yarn manifest: 
  No manifest

Lockfile: 
  No lockfile
